# JRE version: OpenJDK Runtime Environment Microsoft-12574459 (21.0.9+10) (build 21.0.9+10-LTS)
# Java VM: OpenJDK 64-Bit Server VM Microsoft-12574459 (21.0.9+10-LTS, mixed mode, sharing, tiered, compressed oops, compressed class ptrs, g1 gc, windows-amd64)
GC Precious Log:
 CardTable entry size: 512
 Card Set container configuration: InlinePtr #cards 5 size 8 Array Of Cards #cards 12 size 40 Howl #buckets 4 coarsen threshold 1843 Howl Bitmap #cards 512 size 80 coarsen threshold 460 Card regions per heap region 1 cards per card region 2048
 CPUs: 8 total, 8 available
 Memory: 7973M
 Large Page Support: Disabled
 NUMA Support: Disabled
 Compressed Oops: Enabled (32-bit)
 Heap Region Size: 1M
 Heap Min Capacity: 256M
 Heap Initial Capacity: 256M
 Heap Max Capacity: 512M
 Pre-touch: Disabled
 Parallel Workers: 8
 Concurrent Workers: 2
 Concurrent Refinement Workers: 8
 Periodic GC: Disabled
Heap:
 garbage-first heap   total 262144K, used 69234K [0x00000000e0000000, 0x0000000100000000)
  region size 1024K, 55 young (56320K), 16 survivors (16384K)
 Metaspace       used 39924K, committed 41600K, reserved 393216K
  class space    used 5778K, committed 6592K, reserved 327680K
GC Heap History (10 events):
Event: 39.636 GC heap before
{Heap before GC invocations=0 (full 0):
 garbage-first heap   total 262144K, used 22528K [0x00000000e0000000, 0x0000000100000000)
  region size 1024K, 23 young (23552K), 0 survivors (0K)
 Metaspace       used 915K, committed 1088K, reserved 393216K
  class space    used 75K, committed 128K, reserved 327680K
}
Event: 40.085 GC heap after
{Heap after GC invocations=1 (full 0):
 garbage-first heap   total 262144K, used 1621K [0x00000000e0000000, 0x0000000100000000)
  region size 1024K, 2 young (2048K), 2 survivors (2048K)
 Metaspace       used 915K, committed 1088K, reserved 393216K
  class space    used 75K, committed 128K, reserved 327680K
}
Event: 64.324 GC heap before
{Heap before GC invocations=1 (full 0):
 garbage-first heap   total 262144K, used 38485K [0x00000000e0000000, 0x0000000100000000)
  region size 1024K, 35 young (35840K), 2 survivors (2048K)
 Metaspace       used 4666K, committed 4928K, reserved 393216K
  class space    used 587K, committed 704K, reserved 327680K
}
Event: 64.337 GC heap after
{Heap after GC invocations=2 (full 0):
 garbage-first heap   total 262144K, used 11570K [0x00000000e0000000, 0x0000000100000000)
  region size 1024K, 5 young (5120K), 5 survivors (5120K)
 Metaspace       used 4666K, committed 4928K, reserved 393216K
  class space    used 587K, committed 704K, reserved 327680K
}
Event: 108.946 GC heap before
{Heap before GC invocations=2 (full 0):
 garbage-first heap   total 262144K, used 77106K [0x00000000e0000000, 0x0000000100000000)
  region size 1024K, 68 young (69632K), 5 survivors (5120K)
 Metaspace       used 7978K, committed 8320K, reserved 393216K
  class space    used 1051K, committed 1216K, reserved 327680K
}
Event: 108.973 GC heap after
{Heap after GC invocations=3 (full 0):
 garbage-first heap   total 262144K, used 18889K [0x00000000e0000000, 0x0000000100000000)
  region size 1024K, 9 young (9216K), 9 survivors (9216K)
 Metaspace       used 7978K, committed 8320K, reserved 393216K
  class space    used 1051K, committed 1216K, reserved 327680K
}
Event: 141.227 GC heap before
{Heap before GC invocations=3 (full 0):
 garbage-first heap   total 262144K, used 93641K [0x00000000e0000000, 0x0000000100000000)
  region size 1024K, 82 young (83968K), 9 survivors (9216K)
 Metaspace       used 20924K, committed 21504K, reserved 393216K
  class space    used 2851K, committed 3136K, reserved 327680K
}
Event: 141.255 GC heap after
{Heap after GC invocations=4 (full 0):
 garbage-first heap   total 262144K, used 24009K [0x00000000e0000000, 0x0000000100000000)
  region size 1024K, 14 young (14336K), 14 survivors (14336K)
 Metaspace       used 20924K, committed 21504K, reserved 393216K
  class space    used 2851K, committed 3136K, reserved 327680K
}
Event: 184.072 GC heap before
{Heap before GC invocations=5 (full 0):
 garbage-first heap   total 262144K, used 131529K [0x00000000e0000000, 0x0000000100000000)
  region size 1024K, 121 young (123904K), 14 survivors (14336K)
 Metaspace       used 34662K, committed 35968K, reserved 393216K
  class space    used 5134K, committed 5760K, reserved 327680K
}
Event: 184.137 GC heap after
{Heap after GC invocations=6 (full 0):
 garbage-first heap   total 262144K, used 30322K [0x00000000e0000000, 0x0000000100000000)
  region size 1024K, 16 young (16384K), 16 survivors (16384K)
 Metaspace       used 34662K, committed 35968K, reserved 393216K
  class space    used 5134K, committed 5760K, reserved 327680K
}

